<?xml version="1.0" encoding="UTF-8"?>
<!-- Generated by org.testng.reporters.JUnitReportReporter -->
<testsuite hostname="ATMECSBLRLT-030" failures="0" tests="2" name="com.atmecs.pages.GooglePage" time="50.005" errors="0" timestamp="2020-12-12T22:08:39 IST" skipped="0">
  <testcase classname="com.atmecs.pages.GooglePage" name="pageAction" time="22.189"/>
  <system-out/>
  <testcase classname="com.atmecs.pages.GooglePage" name="pageAction" time="27.816"/>
  <system-out/>
</testsuite> <!-- com.atmecs.pages.GooglePage -->
