<?xml version="1.0" encoding="UTF-8"?>
<!-- Generated by org.testng.reporters.JUnitReportReporter -->
<testsuite hostname="ATMECSBLRLT-030" failures="0" tests="1" name="com.atmecs.testscripts.MonumentClass" time="12.036" errors="0" timestamp="2020-12-14T18:05:21 IST" skipped="0">
  <testcase classname="com.atmecs.testscripts.MonumentClass" name="displayMonuments" time="12.036"/>
  <system-out>
Top Monuments Section  has been Displayed Qutub Minar has been Displayed Humayuns Tomb has been Displayed  </system-out>
</testsuite> <!-- com.atmecs.testscripts.MonumentClass -->
